<?xml version="1.0" encoding="UTF-8"?>
<liquiMessaging>
    <changeSet  id="TestTicket1" author="che">
        <createTopic />
        <createQueue />
    </changeSet>
</liquiMessaging>